[ssm][INFO] [2016-10-18 09:57:05] org.springframework.web.context.ContextLoader.initWebApplicationContext(285) | Root WebApplicationContext: initialization started
[ssm][INFO] [2016-10-18 09:57:05] org.springframework.context.support.AbstractApplicationContext.prepareRefresh(510) | Refreshing Root WebApplicationContext: startup date [Tue Oct 18 09:57:05 CST 2016]; root of context hierarchy
[ssm][INFO] [2016-10-18 09:57:05] org.springframework.beans.factory.xml.XmlBeanDefinitionReader.loadBeanDefinitions(317) | Loading XML bean definitions from file [E:\mycode\0519\housecrm\target\classes\spring\applicationContext-dao.xml]
[ssm][INFO] [2016-10-18 09:57:05] org.springframework.beans.factory.xml.XmlBeanDefinitionReader.loadBeanDefinitions(317) | Loading XML bean definitions from file [E:\mycode\0519\housecrm\target\classes\spring\applicationContext-jedis.xml]
[ssm][INFO] [2016-10-18 09:57:05] org.springframework.beans.factory.xml.XmlBeanDefinitionReader.loadBeanDefinitions(317) | Loading XML bean definitions from file [E:\mycode\0519\housecrm\target\classes\spring\applicationContext-service.xml]
[ssm][INFO] [2016-10-18 09:57:05] org.springframework.beans.factory.xml.XmlBeanDefinitionReader.loadBeanDefinitions(317) | Loading XML bean definitions from file [E:\mycode\0519\housecrm\target\classes\spring\applicationContext-transaction.xml]
[ssm][INFO] [2016-10-18 09:57:05] org.springframework.core.io.support.PropertiesLoaderSupport.loadProperties(172) | Loading properties file from class path resource [db.properties]
[ssm][INFO] [2016-10-18 09:57:05] org.springframework.core.io.support.PropertiesLoaderSupport.loadProperties(172) | Loading properties file from class path resource [resource.properties]
[ssm][INFO] [2016-10-18 09:57:05] org.springframework.beans.factory.annotation.AutowiredAnnotationBeanPostProcessor.<init>(153) | JSR-330 'javax.inject.Inject' annotation found and supported for autowiring
[ssm][INFO] [2016-10-18 09:57:06] com.alibaba.druid.pool.DruidDataSource.init(721) | {dataSource-1} inited
[ssm][INFO] [2016-10-18 09:57:08] org.springframework.web.context.ContextLoader.initWebApplicationContext(325) | Root WebApplicationContext: initialization completed in 3216 ms
[ssm][INFO] [2016-10-18 09:57:16] org.springframework.web.servlet.FrameworkServlet.initServletBean(484) | FrameworkServlet 'springmvc': initialization started
[ssm][INFO] [2016-10-18 09:57:16] org.springframework.context.support.AbstractApplicationContext.prepareRefresh(510) | Refreshing WebApplicationContext for namespace 'springmvc-servlet': startup date [Tue Oct 18 09:57:16 CST 2016]; parent: Root WebApplicationContext
[ssm][INFO] [2016-10-18 09:57:16] org.springframework.beans.factory.xml.XmlBeanDefinitionReader.loadBeanDefinitions(317) | Loading XML bean definitions from class path resource [spring/springmvc.xml]
[ssm][INFO] [2016-10-18 09:57:16] org.springframework.core.io.support.PropertiesLoaderSupport.loadProperties(172) | Loading properties file from class path resource [resource.properties]
[ssm][INFO] [2016-10-18 09:57:16] org.springframework.beans.factory.annotation.AutowiredAnnotationBeanPostProcessor.<init>(153) | JSR-330 'javax.inject.Inject' annotation found and supported for autowiring
[ssm][INFO] [2016-10-18 09:57:16] org.springframework.web.servlet.handler.AbstractUrlHandlerMapping.registerHandler(314) | Mapped URL path [/js/**] onto handler 'org.springframework.web.servlet.resource.ResourceHttpRequestHandler#0'
[ssm][INFO] [2016-10-18 09:57:16] org.springframework.web.servlet.handler.AbstractUrlHandlerMapping.registerHandler(314) | Mapped URL path [/data/**] onto handler 'org.springframework.web.servlet.resource.ResourceHttpRequestHandler#1'
[ssm][INFO] [2016-10-18 09:57:16] org.springframework.web.servlet.handler.AbstractUrlHandlerMapping.registerHandler(314) | Mapped URL path [/dist/**] onto handler 'org.springframework.web.servlet.resource.ResourceHttpRequestHandler#2'
[ssm][INFO] [2016-10-18 09:57:16] org.springframework.web.servlet.handler.AbstractUrlHandlerMapping.registerHandler(314) | Mapped URL path [/less/**] onto handler 'org.springframework.web.servlet.resource.ResourceHttpRequestHandler#3'
[ssm][INFO] [2016-10-18 09:57:16] org.springframework.web.servlet.handler.AbstractUrlHandlerMapping.registerHandler(314) | Mapped URL path [/vendor/**] onto handler 'org.springframework.web.servlet.resource.ResourceHttpRequestHandler#4'
[ssm][INFO] [2016-10-18 09:57:16] org.springframework.web.servlet.handler.AbstractHandlerMethodMapping.registerHandlerMethod(220) | Mapped "{[/customer/personalInfo/{id}],methods=[],params=[],headers=[],consumes=[],produces=[text/html;charset=UTF-8],custom=[]}" onto public java.lang.String com.lb.ssm.controller.CustomerController.getCustomerInfo(java.lang.Integer) throws java.io.IOException
[ssm][INFO] [2016-10-18 09:57:16] org.springframework.web.servlet.handler.AbstractHandlerMethodMapping.registerHandlerMethod(220) | Mapped "{[/customer/customerList],methods=[],params=[],headers=[],consumes=[],produces=[],custom=[]}" onto public java.lang.String com.lb.ssm.controller.CustomerController.customerList()
[ssm][INFO] [2016-10-18 09:57:16] org.springframework.web.servlet.handler.AbstractHandlerMethodMapping.registerHandlerMethod(220) | Mapped "{[/customer/customerpage],methods=[],params=[],headers=[],consumes=[],produces=[],custom=[]}" onto public java.util.List<com.lb.ssm.vo.Customer> com.lb.ssm.controller.CustomerController.customerpage(javax.servlet.http.HttpServletRequest,javax.servlet.http.HttpServletResponse) throws java.lang.Exception
[ssm][INFO] [2016-10-18 09:57:16] org.springframework.web.servlet.handler.AbstractHandlerMethodMapping.registerHandlerMethod(220) | Mapped "{[/customer/updateCustomer],methods=[],params=[],headers=[],consumes=[],produces=[],custom=[]}" onto public java.lang.String com.lb.ssm.controller.CustomerController.updateCustomer(com.lb.ssm.vo.Customer)
[ssm][INFO] [2016-10-18 09:57:16] org.springframework.web.servlet.handler.AbstractHandlerMethodMapping.registerHandlerMethod(220) | Mapped "{[/customer/customerRefush/{name}],methods=[],params=[],headers=[],consumes=[],produces=[],custom=[]}" onto public java.util.List<com.lb.ssm.vo.Customer> com.lb.ssm.controller.CustomerController.customerpageRefush(java.lang.String,javax.servlet.http.HttpServletRequest,javax.servlet.http.HttpServletResponse) throws java.lang.Exception
[ssm][INFO] [2016-10-18 09:57:16] org.springframework.web.servlet.handler.AbstractHandlerMethodMapping.registerHandlerMethod(220) | Mapped "{[/customer/addCustomer],methods=[],params=[],headers=[],consumes=[],produces=[],custom=[]}" onto public java.lang.String com.lb.ssm.controller.CustomerController.addCustomer(com.lb.ssm.vo.Customer)
[ssm][INFO] [2016-10-18 09:57:16] org.springframework.web.servlet.handler.AbstractHandlerMethodMapping.registerHandlerMethod(220) | Mapped "{[/sub/subList],methods=[],params=[],headers=[],consumes=[],produces=[],custom=[]}" onto public java.lang.String com.lb.ssm.controller.SubdistrictController.subList()
[ssm][INFO] [2016-10-18 09:57:16] org.springframework.web.servlet.handler.AbstractHandlerMethodMapping.registerHandlerMethod(220) | Mapped "{[/sub/subdistRefush/{name}],methods=[],params=[],headers=[],consumes=[],produces=[],custom=[]}" onto public java.lang.String com.lb.ssm.controller.SubdistrictController.subdistRefush(java.lang.String,javax.servlet.http.HttpServletRequest,javax.servlet.http.HttpServletResponse) throws java.lang.Exception
[ssm][INFO] [2016-10-18 09:57:16] org.springframework.web.servlet.handler.AbstractHandlerMethodMapping.registerHandlerMethod(220) | Mapped "{[/sub/modifySubInfo/{subId}],methods=[],params=[],headers=[],consumes=[],produces=[],custom=[]}" onto public java.lang.String com.lb.ssm.controller.SubdistrictController.modifySubInfo(java.lang.Integer) throws java.io.IOException
[ssm][INFO] [2016-10-18 09:57:16] org.springframework.web.servlet.handler.AbstractHandlerMethodMapping.registerHandlerMethod(220) | Mapped "{[/sub/updateSubdist],methods=[],params=[],headers=[],consumes=[],produces=[],custom=[]}" onto public java.lang.String com.lb.ssm.controller.SubdistrictController.updateSubdist(com.lb.ssm.vo.Subdistrict)
[ssm][INFO] [2016-10-18 09:57:16] org.springframework.web.servlet.handler.AbstractHandlerMethodMapping.registerHandlerMethod(220) | Mapped "{[/sub/subInfo/{subId}],methods=[],params=[],headers=[],consumes=[],produces=[],custom=[]}" onto public org.springframework.web.servlet.ModelAndView com.lb.ssm.controller.SubdistrictController.subInfo(java.lang.Integer)
[ssm][INFO] [2016-10-18 09:57:16] org.springframework.web.servlet.handler.AbstractHandlerMethodMapping.registerHandlerMethod(220) | Mapped "{[/sub/addSubdist],methods=[POST || GET],params=[],headers=[],consumes=[],produces=[],custom=[]}" onto public java.lang.String com.lb.ssm.controller.SubdistrictController.addSubdist(com.lb.ssm.vo.Subdistrict,org.springframework.web.multipart.MultipartFile[],javax.servlet.http.HttpServletRequest) throws java.lang.Exception
[ssm][INFO] [2016-10-18 09:57:16] org.springframework.web.servlet.handler.AbstractHandlerMethodMapping.registerHandlerMethod(220) | Mapped "{[/sub/subpage],methods=[],params=[],headers=[],consumes=[],produces=[],custom=[]}" onto public java.lang.String com.lb.ssm.controller.SubdistrictController.subpage(javax.servlet.http.HttpServletRequest,javax.servlet.http.HttpServletResponse) throws java.io.UnsupportedEncodingException,java.io.IOException
[ssm][INFO] [2016-10-18 09:57:16] org.springframework.web.servlet.handler.AbstractHandlerMethodMapping.registerHandlerMethod(220) | Mapped "{[/sub/subInfoById/{subId}],methods=[],params=[],headers=[],consumes=[],produces=[text/html;charset=UTF-8],custom=[]}" onto public org.springframework.web.servlet.ModelAndView com.lb.ssm.controller.SubdistrictController.subInfoById(java.lang.Integer) throws java.io.IOException
[ssm][INFO] [2016-10-18 09:57:16] org.springframework.web.servlet.handler.AbstractHandlerMethodMapping.registerHandlerMethod(220) | Mapped "{[/sub/exprtSubdist],methods=[],params=[],headers=[],consumes=[],produces=[],custom=[]}" onto public java.lang.String com.lb.ssm.controller.SubdistrictController.exprtSubdist(javax.servlet.http.HttpServletResponse) throws java.io.IOException
[ssm][INFO] [2016-10-18 09:57:16] org.springframework.web.servlet.handler.AbstractHandlerMethodMapping.registerHandlerMethod(220) | Mapped "{[/user/addUser],methods=[POST],params=[],headers=[],consumes=[],produces=[],custom=[]}" onto public java.lang.String com.lb.ssm.controller.UserController.addUser(com.lb.ssm.vo.User)
[ssm][INFO] [2016-10-18 09:57:16] org.springframework.web.servlet.handler.AbstractHandlerMethodMapping.registerHandlerMethod(220) | Mapped "{[/user/userList],methods=[],params=[],headers=[],consumes=[],produces=[],custom=[]}" onto public org.springframework.web.servlet.ModelAndView com.lb.ssm.controller.UserController.userList()
[ssm][INFO] [2016-10-18 09:57:16] org.springframework.web.servlet.handler.AbstractHandlerMethodMapping.registerHandlerMethod(220) | Mapped "{[/user/login],methods=[POST || GET],params=[],headers=[],consumes=[],produces=[],custom=[]}" onto public java.lang.String com.lb.ssm.controller.UserController.login()
[ssm][INFO] [2016-10-18 09:57:16] org.springframework.web.servlet.handler.AbstractHandlerMethodMapping.registerHandlerMethod(220) | Mapped "{[/user/mm],methods=[],params=[],headers=[],consumes=[],produces=[],custom=[]}" onto public java.lang.String com.lb.ssm.controller.UserController.goMMM(javax.servlet.http.HttpServletRequest)
[ssm][INFO] [2016-10-18 09:57:16] org.springframework.web.servlet.handler.AbstractHandlerMethodMapping.registerHandlerMethod(220) | Mapped "{[/user/userpage],methods=[],params=[],headers=[],consumes=[],produces=[],custom=[]}" onto public java.util.List<com.lb.ssm.vo.User> com.lb.ssm.controller.UserController.userLists(javax.servlet.http.HttpServletRequest,javax.servlet.http.HttpServletResponse) throws java.lang.Exception
[ssm][INFO] [2016-10-18 09:57:16] org.springframework.web.servlet.handler.AbstractHandlerMethodMapping.registerHandlerMethod(220) | Mapped "{[/user/personalInfo/{id}],methods=[],params=[],headers=[],consumes=[],produces=[text/html;charset=UTF-8],custom=[]}" onto public java.lang.String com.lb.ssm.controller.UserController.personalInfo(java.lang.Integer,javax.servlet.http.HttpServletRequest) throws java.io.IOException
[ssm][INFO] [2016-10-18 09:57:16] org.springframework.web.servlet.handler.AbstractHandlerMethodMapping.registerHandlerMethod(220) | Mapped "{[/user/loginout],methods=[],params=[],headers=[],consumes=[],produces=[],custom=[]}" onto public java.lang.String com.lb.ssm.controller.UserController.loginout(javax.servlet.http.HttpServletRequest)
[ssm][INFO] [2016-10-18 09:57:16] org.springframework.web.servlet.handler.AbstractHandlerMethodMapping.registerHandlerMethod(220) | Mapped "{[/user/userReflush/{name}],methods=[],params=[],headers=[],consumes=[],produces=[text/html;charset=UTF-8],custom=[]}" onto public java.util.List<com.lb.ssm.vo.User> com.lb.ssm.controller.UserController.userReflush(java.lang.String,javax.servlet.http.HttpServletRequest,javax.servlet.http.HttpServletResponse) throws java.lang.Exception
[ssm][INFO] [2016-10-18 09:57:16] org.springframework.web.servlet.handler.AbstractHandlerMethodMapping.registerHandlerMethod(220) | Mapped "{[/user/logincheck],methods=[POST || GET],params=[],headers=[],consumes=[],produces=[],custom=[]}" onto public org.springframework.web.servlet.ModelAndView com.lb.ssm.controller.UserController.logincheck(com.lb.ssm.vo.User,javax.servlet.http.HttpServletRequest)
[ssm][INFO] [2016-10-18 09:57:16] org.springframework.web.servlet.handler.AbstractHandlerMethodMapping.registerHandlerMethod(220) | Mapped "{[/user/deleteUser/{userId}],methods=[],params=[],headers=[],consumes=[],produces=[],custom=[]}" onto public java.lang.String com.lb.ssm.controller.UserController.deleteUser(java.lang.Integer) throws java.io.IOException
[ssm][INFO] [2016-10-18 09:57:16] org.springframework.web.servlet.handler.AbstractHandlerMethodMapping.registerHandlerMethod(220) | Mapped "{[/user/updateUser],methods=[],params=[],headers=[],consumes=[],produces=[],custom=[]}" onto public java.lang.String com.lb.ssm.controller.UserController.updateUser(com.lb.ssm.vo.User)
[ssm][INFO] [2016-10-18 09:57:17] org.springframework.web.servlet.mvc.method.annotation.RequestMappingHandlerAdapter.initControllerAdviceCache(518) | Looking for @ControllerAdvice: WebApplicationContext for namespace 'springmvc-servlet': startup date [Tue Oct 18 09:57:16 CST 2016]; parent: Root WebApplicationContext
[ssm][INFO] [2016-10-18 09:57:17] org.springframework.web.servlet.mvc.method.annotation.RequestMappingHandlerAdapter.initControllerAdviceCache(518) | Looking for @ControllerAdvice: WebApplicationContext for namespace 'springmvc-servlet': startup date [Tue Oct 18 09:57:16 CST 2016]; parent: Root WebApplicationContext
[ssm][INFO] [2016-10-18 09:57:17] org.springframework.web.servlet.FrameworkServlet.initServletBean(503) | FrameworkServlet 'springmvc': initialization completed in 1314 ms
[ssm][INFO] [2016-10-18 09:58:11] org.springframework.web.context.ContextLoader.initWebApplicationContext(285) | Root WebApplicationContext: initialization started
[ssm][INFO] [2016-10-18 09:58:11] org.springframework.context.support.AbstractApplicationContext.prepareRefresh(510) | Refreshing Root WebApplicationContext: startup date [Tue Oct 18 09:58:11 CST 2016]; root of context hierarchy
[ssm][INFO] [2016-10-18 09:58:11] org.springframework.beans.factory.xml.XmlBeanDefinitionReader.loadBeanDefinitions(317) | Loading XML bean definitions from file [E:\mycode\0519\housecrm\target\classes\spring\applicationContext-dao.xml]
[ssm][INFO] [2016-10-18 09:58:11] org.springframework.beans.factory.xml.XmlBeanDefinitionReader.loadBeanDefinitions(317) | Loading XML bean definitions from file [E:\mycode\0519\housecrm\target\classes\spring\applicationContext-jedis.xml]
[ssm][INFO] [2016-10-18 09:58:11] org.springframework.beans.factory.xml.XmlBeanDefinitionReader.loadBeanDefinitions(317) | Loading XML bean definitions from file [E:\mycode\0519\housecrm\target\classes\spring\applicationContext-service.xml]
[ssm][INFO] [2016-10-18 09:58:11] org.springframework.beans.factory.xml.XmlBeanDefinitionReader.loadBeanDefinitions(317) | Loading XML bean definitions from file [E:\mycode\0519\housecrm\target\classes\spring\applicationContext-transaction.xml]
[ssm][INFO] [2016-10-18 09:58:12] org.springframework.core.io.support.PropertiesLoaderSupport.loadProperties(172) | Loading properties file from class path resource [db.properties]
[ssm][INFO] [2016-10-18 09:58:12] org.springframework.core.io.support.PropertiesLoaderSupport.loadProperties(172) | Loading properties file from class path resource [resource.properties]
[ssm][INFO] [2016-10-18 09:58:12] org.springframework.beans.factory.annotation.AutowiredAnnotationBeanPostProcessor.<init>(153) | JSR-330 'javax.inject.Inject' annotation found and supported for autowiring
[ssm][INFO] [2016-10-18 09:58:12] com.alibaba.druid.pool.DruidDataSource.init(721) | {dataSource-1} inited
[ssm][INFO] [2016-10-18 09:58:13] org.springframework.web.context.ContextLoader.initWebApplicationContext(325) | Root WebApplicationContext: initialization completed in 1504 ms
[ssm][INFO] [2016-10-18 09:58:15] org.springframework.web.servlet.FrameworkServlet.initServletBean(484) | FrameworkServlet 'springmvc': initialization started
[ssm][INFO] [2016-10-18 09:58:15] org.springframework.context.support.AbstractApplicationContext.prepareRefresh(510) | Refreshing WebApplicationContext for namespace 'springmvc-servlet': startup date [Tue Oct 18 09:58:15 CST 2016]; parent: Root WebApplicationContext
[ssm][INFO] [2016-10-18 09:58:15] org.springframework.beans.factory.xml.XmlBeanDefinitionReader.loadBeanDefinitions(317) | Loading XML bean definitions from class path resource [spring/springmvc.xml]
[ssm][INFO] [2016-10-18 09:58:16] org.springframework.core.io.support.PropertiesLoaderSupport.loadProperties(172) | Loading properties file from class path resource [resource.properties]
[ssm][INFO] [2016-10-18 09:58:16] org.springframework.beans.factory.annotation.AutowiredAnnotationBeanPostProcessor.<init>(153) | JSR-330 'javax.inject.Inject' annotation found and supported for autowiring
[ssm][INFO] [2016-10-18 09:58:16] org.springframework.web.servlet.handler.AbstractUrlHandlerMapping.registerHandler(314) | Mapped URL path [/js/**] onto handler 'org.springframework.web.servlet.resource.ResourceHttpRequestHandler#0'
[ssm][INFO] [2016-10-18 09:58:16] org.springframework.web.servlet.handler.AbstractUrlHandlerMapping.registerHandler(314) | Mapped URL path [/data/**] onto handler 'org.springframework.web.servlet.resource.ResourceHttpRequestHandler#1'
[ssm][INFO] [2016-10-18 09:58:16] org.springframework.web.servlet.handler.AbstractUrlHandlerMapping.registerHandler(314) | Mapped URL path [/dist/**] onto handler 'org.springframework.web.servlet.resource.ResourceHttpRequestHandler#2'
[ssm][INFO] [2016-10-18 09:58:16] org.springframework.web.servlet.handler.AbstractUrlHandlerMapping.registerHandler(314) | Mapped URL path [/less/**] onto handler 'org.springframework.web.servlet.resource.ResourceHttpRequestHandler#3'
[ssm][INFO] [2016-10-18 09:58:16] org.springframework.web.servlet.handler.AbstractUrlHandlerMapping.registerHandler(314) | Mapped URL path [/vendor/**] onto handler 'org.springframework.web.servlet.resource.ResourceHttpRequestHandler#4'
[ssm][INFO] [2016-10-18 09:58:16] org.springframework.web.servlet.handler.AbstractHandlerMethodMapping.registerHandlerMethod(220) | Mapped "{[/customer/personalInfo/{id}],methods=[],params=[],headers=[],consumes=[],produces=[text/html;charset=UTF-8],custom=[]}" onto public java.lang.String com.lb.ssm.controller.CustomerController.getCustomerInfo(java.lang.Integer) throws java.io.IOException
[ssm][INFO] [2016-10-18 09:58:16] org.springframework.web.servlet.handler.AbstractHandlerMethodMapping.registerHandlerMethod(220) | Mapped "{[/customer/customerList],methods=[],params=[],headers=[],consumes=[],produces=[],custom=[]}" onto public java.lang.String com.lb.ssm.controller.CustomerController.customerList()
[ssm][INFO] [2016-10-18 09:58:16] org.springframework.web.servlet.handler.AbstractHandlerMethodMapping.registerHandlerMethod(220) | Mapped "{[/customer/customerpage],methods=[],params=[],headers=[],consumes=[],produces=[],custom=[]}" onto public java.util.List<com.lb.ssm.vo.Customer> com.lb.ssm.controller.CustomerController.customerpage(javax.servlet.http.HttpServletRequest,javax.servlet.http.HttpServletResponse) throws java.lang.Exception
[ssm][INFO] [2016-10-18 09:58:16] org.springframework.web.servlet.handler.AbstractHandlerMethodMapping.registerHandlerMethod(220) | Mapped "{[/customer/updateCustomer],methods=[],params=[],headers=[],consumes=[],produces=[],custom=[]}" onto public java.lang.String com.lb.ssm.controller.CustomerController.updateCustomer(com.lb.ssm.vo.Customer)
[ssm][INFO] [2016-10-18 09:58:16] org.springframework.web.servlet.handler.AbstractHandlerMethodMapping.registerHandlerMethod(220) | Mapped "{[/customer/customerRefush/{name}],methods=[],params=[],headers=[],consumes=[],produces=[],custom=[]}" onto public java.util.List<com.lb.ssm.vo.Customer> com.lb.ssm.controller.CustomerController.customerpageRefush(java.lang.String,javax.servlet.http.HttpServletRequest,javax.servlet.http.HttpServletResponse) throws java.lang.Exception
[ssm][INFO] [2016-10-18 09:58:16] org.springframework.web.servlet.handler.AbstractHandlerMethodMapping.registerHandlerMethod(220) | Mapped "{[/customer/addCustomer],methods=[],params=[],headers=[],consumes=[],produces=[],custom=[]}" onto public java.lang.String com.lb.ssm.controller.CustomerController.addCustomer(com.lb.ssm.vo.Customer)
[ssm][INFO] [2016-10-18 09:58:16] org.springframework.web.servlet.handler.AbstractHandlerMethodMapping.registerHandlerMethod(220) | Mapped "{[/sub/subList],methods=[],params=[],headers=[],consumes=[],produces=[],custom=[]}" onto public java.lang.String com.lb.ssm.controller.SubdistrictController.subList()
[ssm][INFO] [2016-10-18 09:58:16] org.springframework.web.servlet.handler.AbstractHandlerMethodMapping.registerHandlerMethod(220) | Mapped "{[/sub/subdistRefush/{name}],methods=[],params=[],headers=[],consumes=[],produces=[],custom=[]}" onto public java.lang.String com.lb.ssm.controller.SubdistrictController.subdistRefush(java.lang.String,javax.servlet.http.HttpServletRequest,javax.servlet.http.HttpServletResponse) throws java.lang.Exception
[ssm][INFO] [2016-10-18 09:58:16] org.springframework.web.servlet.handler.AbstractHandlerMethodMapping.registerHandlerMethod(220) | Mapped "{[/sub/modifySubInfo/{subId}],methods=[],params=[],headers=[],consumes=[],produces=[text/html;charset=UTF-8],custom=[]}" onto public java.lang.String com.lb.ssm.controller.SubdistrictController.modifySubInfo(java.lang.Integer) throws java.io.IOException
[ssm][INFO] [2016-10-18 09:58:16] org.springframework.web.servlet.handler.AbstractHandlerMethodMapping.registerHandlerMethod(220) | Mapped "{[/sub/updateSubdist],methods=[],params=[],headers=[],consumes=[],produces=[],custom=[]}" onto public java.lang.String com.lb.ssm.controller.SubdistrictController.updateSubdist(com.lb.ssm.vo.Subdistrict)
[ssm][INFO] [2016-10-18 09:58:16] org.springframework.web.servlet.handler.AbstractHandlerMethodMapping.registerHandlerMethod(220) | Mapped "{[/sub/subInfo/{subId}],methods=[],params=[],headers=[],consumes=[],produces=[],custom=[]}" onto public org.springframework.web.servlet.ModelAndView com.lb.ssm.controller.SubdistrictController.subInfo(java.lang.Integer)
[ssm][INFO] [2016-10-18 09:58:16] org.springframework.web.servlet.handler.AbstractHandlerMethodMapping.registerHandlerMethod(220) | Mapped "{[/sub/addSubdist],methods=[POST || GET],params=[],headers=[],consumes=[],produces=[],custom=[]}" onto public java.lang.String com.lb.ssm.controller.SubdistrictController.addSubdist(com.lb.ssm.vo.Subdistrict,org.springframework.web.multipart.MultipartFile[],javax.servlet.http.HttpServletRequest) throws java.lang.Exception
[ssm][INFO] [2016-10-18 09:58:16] org.springframework.web.servlet.handler.AbstractHandlerMethodMapping.registerHandlerMethod(220) | Mapped "{[/sub/subpage],methods=[],params=[],headers=[],consumes=[],produces=[],custom=[]}" onto public java.lang.String com.lb.ssm.controller.SubdistrictController.subpage(javax.servlet.http.HttpServletRequest,javax.servlet.http.HttpServletResponse) throws java.io.UnsupportedEncodingException,java.io.IOException
[ssm][INFO] [2016-10-18 09:58:16] org.springframework.web.servlet.handler.AbstractHandlerMethodMapping.registerHandlerMethod(220) | Mapped "{[/sub/subInfoById/{subId}],methods=[],params=[],headers=[],consumes=[],produces=[text/html;charset=UTF-8],custom=[]}" onto public org.springframework.web.servlet.ModelAndView com.lb.ssm.controller.SubdistrictController.subInfoById(java.lang.Integer) throws java.io.IOException
[ssm][INFO] [2016-10-18 09:58:16] org.springframework.web.servlet.handler.AbstractHandlerMethodMapping.registerHandlerMethod(220) | Mapped "{[/sub/exprtSubdist],methods=[],params=[],headers=[],consumes=[],produces=[],custom=[]}" onto public java.lang.String com.lb.ssm.controller.SubdistrictController.exprtSubdist(javax.servlet.http.HttpServletResponse) throws java.io.IOException
[ssm][INFO] [2016-10-18 09:58:16] org.springframework.web.servlet.handler.AbstractHandlerMethodMapping.registerHandlerMethod(220) | Mapped "{[/user/addUser],methods=[POST],params=[],headers=[],consumes=[],produces=[],custom=[]}" onto public java.lang.String com.lb.ssm.controller.UserController.addUser(com.lb.ssm.vo.User)
[ssm][INFO] [2016-10-18 09:58:16] org.springframework.web.servlet.handler.AbstractHandlerMethodMapping.registerHandlerMethod(220) | Mapped "{[/user/userList],methods=[],params=[],headers=[],consumes=[],produces=[],custom=[]}" onto public org.springframework.web.servlet.ModelAndView com.lb.ssm.controller.UserController.userList()
[ssm][INFO] [2016-10-18 09:58:16] org.springframework.web.servlet.handler.AbstractHandlerMethodMapping.registerHandlerMethod(220) | Mapped "{[/user/login],methods=[POST || GET],params=[],headers=[],consumes=[],produces=[],custom=[]}" onto public java.lang.String com.lb.ssm.controller.UserController.login()
[ssm][INFO] [2016-10-18 09:58:16] org.springframework.web.servlet.handler.AbstractHandlerMethodMapping.registerHandlerMethod(220) | Mapped "{[/user/mm],methods=[],params=[],headers=[],consumes=[],produces=[],custom=[]}" onto public java.lang.String com.lb.ssm.controller.UserController.goMMM(javax.servlet.http.HttpServletRequest)
[ssm][INFO] [2016-10-18 09:58:16] org.springframework.web.servlet.handler.AbstractHandlerMethodMapping.registerHandlerMethod(220) | Mapped "{[/user/userpage],methods=[],params=[],headers=[],consumes=[],produces=[],custom=[]}" onto public java.util.List<com.lb.ssm.vo.User> com.lb.ssm.controller.UserController.userLists(javax.servlet.http.HttpServletRequest,javax.servlet.http.HttpServletResponse) throws java.lang.Exception
[ssm][INFO] [2016-10-18 09:58:16] org.springframework.web.servlet.handler.AbstractHandlerMethodMapping.registerHandlerMethod(220) | Mapped "{[/user/personalInfo/{id}],methods=[],params=[],headers=[],consumes=[],produces=[text/html;charset=UTF-8],custom=[]}" onto public java.lang.String com.lb.ssm.controller.UserController.personalInfo(java.lang.Integer,javax.servlet.http.HttpServletRequest) throws java.io.IOException
[ssm][INFO] [2016-10-18 09:58:16] org.springframework.web.servlet.handler.AbstractHandlerMethodMapping.registerHandlerMethod(220) | Mapped "{[/user/loginout],methods=[],params=[],headers=[],consumes=[],produces=[],custom=[]}" onto public java.lang.String com.lb.ssm.controller.UserController.loginout(javax.servlet.http.HttpServletRequest)
[ssm][INFO] [2016-10-18 09:58:16] org.springframework.web.servlet.handler.AbstractHandlerMethodMapping.registerHandlerMethod(220) | Mapped "{[/user/userReflush/{name}],methods=[],params=[],headers=[],consumes=[],produces=[text/html;charset=UTF-8],custom=[]}" onto public java.util.List<com.lb.ssm.vo.User> com.lb.ssm.controller.UserController.userReflush(java.lang.String,javax.servlet.http.HttpServletRequest,javax.servlet.http.HttpServletResponse) throws java.lang.Exception
[ssm][INFO] [2016-10-18 09:58:16] org.springframework.web.servlet.handler.AbstractHandlerMethodMapping.registerHandlerMethod(220) | Mapped "{[/user/logincheck],methods=[POST || GET],params=[],headers=[],consumes=[],produces=[],custom=[]}" onto public org.springframework.web.servlet.ModelAndView com.lb.ssm.controller.UserController.logincheck(com.lb.ssm.vo.User,javax.servlet.http.HttpServletRequest)
[ssm][INFO] [2016-10-18 09:58:16] org.springframework.web.servlet.handler.AbstractHandlerMethodMapping.registerHandlerMethod(220) | Mapped "{[/user/deleteUser/{userId}],methods=[],params=[],headers=[],consumes=[],produces=[],custom=[]}" onto public java.lang.String com.lb.ssm.controller.UserController.deleteUser(java.lang.Integer) throws java.io.IOException
[ssm][INFO] [2016-10-18 09:58:16] org.springframework.web.servlet.handler.AbstractHandlerMethodMapping.registerHandlerMethod(220) | Mapped "{[/user/updateUser],methods=[],params=[],headers=[],consumes=[],produces=[],custom=[]}" onto public java.lang.String com.lb.ssm.controller.UserController.updateUser(com.lb.ssm.vo.User)
[ssm][INFO] [2016-10-18 09:58:16] org.springframework.web.servlet.mvc.method.annotation.RequestMappingHandlerAdapter.initControllerAdviceCache(518) | Looking for @ControllerAdvice: WebApplicationContext for namespace 'springmvc-servlet': startup date [Tue Oct 18 09:58:15 CST 2016]; parent: Root WebApplicationContext
[ssm][INFO] [2016-10-18 09:58:16] org.springframework.web.servlet.mvc.method.annotation.RequestMappingHandlerAdapter.initControllerAdviceCache(518) | Looking for @ControllerAdvice: WebApplicationContext for namespace 'springmvc-servlet': startup date [Tue Oct 18 09:58:15 CST 2016]; parent: Root WebApplicationContext
[ssm][INFO] [2016-10-18 09:58:16] org.springframework.web.servlet.FrameworkServlet.initServletBean(503) | FrameworkServlet 'springmvc': initialization completed in 937 ms
[ssm][INFO] [2016-10-18 15:22:56] org.springframework.web.context.ContextLoader.initWebApplicationContext(285) | Root WebApplicationContext: initialization started
[ssm][INFO] [2016-10-18 15:22:56] org.springframework.context.support.AbstractApplicationContext.prepareRefresh(510) | Refreshing Root WebApplicationContext: startup date [Tue Oct 18 15:22:56 CST 2016]; root of context hierarchy
[ssm][INFO] [2016-10-18 15:22:56] org.springframework.beans.factory.xml.XmlBeanDefinitionReader.loadBeanDefinitions(317) | Loading XML bean definitions from file [E:\mycode\0519\housecrm\target\classes\spring\applicationContext-dao.xml]
[ssm][INFO] [2016-10-18 15:22:57] org.springframework.beans.factory.xml.XmlBeanDefinitionReader.loadBeanDefinitions(317) | Loading XML bean definitions from file [E:\mycode\0519\housecrm\target\classes\spring\applicationContext-jedis.xml]
[ssm][INFO] [2016-10-18 15:22:57] org.springframework.beans.factory.xml.XmlBeanDefinitionReader.loadBeanDefinitions(317) | Loading XML bean definitions from file [E:\mycode\0519\housecrm\target\classes\spring\applicationContext-service.xml]
[ssm][INFO] [2016-10-18 15:22:57] org.springframework.beans.factory.xml.XmlBeanDefinitionReader.loadBeanDefinitions(317) | Loading XML bean definitions from file [E:\mycode\0519\housecrm\target\classes\spring\applicationContext-transaction.xml]
[ssm][INFO] [2016-10-18 15:22:57] org.springframework.core.io.support.PropertiesLoaderSupport.loadProperties(172) | Loading properties file from class path resource [db.properties]
[ssm][INFO] [2016-10-18 15:22:57] org.springframework.core.io.support.PropertiesLoaderSupport.loadProperties(172) | Loading properties file from class path resource [resource.properties]
[ssm][INFO] [2016-10-18 15:22:57] org.springframework.beans.factory.annotation.AutowiredAnnotationBeanPostProcessor.<init>(153) | JSR-330 'javax.inject.Inject' annotation found and supported for autowiring
[ssm][INFO] [2016-10-18 15:22:57] com.alibaba.druid.pool.DruidDataSource.init(721) | {dataSource-1} inited
[ssm][INFO] [2016-10-18 15:22:58] org.springframework.web.context.ContextLoader.initWebApplicationContext(325) | Root WebApplicationContext: initialization completed in 1486 ms
[ssm][INFO] [2016-10-18 15:26:53] org.springframework.web.servlet.FrameworkServlet.initServletBean(484) | FrameworkServlet 'springmvc': initialization started
[ssm][INFO] [2016-10-18 15:26:53] org.springframework.context.support.AbstractApplicationContext.prepareRefresh(510) | Refreshing WebApplicationContext for namespace 'springmvc-servlet': startup date [Tue Oct 18 15:26:53 CST 2016]; parent: Root WebApplicationContext
[ssm][INFO] [2016-10-18 15:26:53] org.springframework.beans.factory.xml.XmlBeanDefinitionReader.loadBeanDefinitions(317) | Loading XML bean definitions from class path resource [spring/springmvc.xml]
[ssm][INFO] [2016-10-18 15:26:54] org.springframework.core.io.support.PropertiesLoaderSupport.loadProperties(172) | Loading properties file from class path resource [resource.properties]
[ssm][INFO] [2016-10-18 15:26:54] org.springframework.beans.factory.annotation.AutowiredAnnotationBeanPostProcessor.<init>(153) | JSR-330 'javax.inject.Inject' annotation found and supported for autowiring
[ssm][INFO] [2016-10-18 15:26:54] org.springframework.web.servlet.handler.AbstractUrlHandlerMapping.registerHandler(314) | Mapped URL path [/js/**] onto handler 'org.springframework.web.servlet.resource.ResourceHttpRequestHandler#0'
[ssm][INFO] [2016-10-18 15:26:54] org.springframework.web.servlet.handler.AbstractUrlHandlerMapping.registerHandler(314) | Mapped URL path [/data/**] onto handler 'org.springframework.web.servlet.resource.ResourceHttpRequestHandler#1'
[ssm][INFO] [2016-10-18 15:26:54] org.springframework.web.servlet.handler.AbstractUrlHandlerMapping.registerHandler(314) | Mapped URL path [/dist/**] onto handler 'org.springframework.web.servlet.resource.ResourceHttpRequestHandler#2'
[ssm][INFO] [2016-10-18 15:26:54] org.springframework.web.servlet.handler.AbstractUrlHandlerMapping.registerHandler(314) | Mapped URL path [/less/**] onto handler 'org.springframework.web.servlet.resource.ResourceHttpRequestHandler#3'
[ssm][INFO] [2016-10-18 15:26:54] org.springframework.web.servlet.handler.AbstractUrlHandlerMapping.registerHandler(314) | Mapped URL path [/vendor/**] onto handler 'org.springframework.web.servlet.resource.ResourceHttpRequestHandler#4'
[ssm][INFO] [2016-10-18 15:26:54] org.springframework.web.servlet.handler.AbstractHandlerMethodMapping.registerHandlerMethod(220) | Mapped "{[/cell/cellList],methods=[],params=[],headers=[],consumes=[],produces=[],custom=[]}" onto public java.lang.String com.lb.ssm.controller.CellController.cellList()
[ssm][INFO] [2016-10-18 15:26:54] org.springframework.web.servlet.handler.AbstractHandlerMethodMapping.registerHandlerMethod(220) | Mapped "{[/cell/cellpage],methods=[],params=[],headers=[],consumes=[],produces=[],custom=[]}" onto public java.lang.String com.lb.ssm.controller.CellController.cellpage(javax.servlet.http.HttpServletRequest,javax.servlet.http.HttpServletResponse) throws java.lang.Exception,java.io.IOException
[ssm][INFO] [2016-10-18 15:26:54] org.springframework.web.servlet.handler.AbstractHandlerMethodMapping.registerHandlerMethod(220) | Mapped "{[/customer/personalInfo/{id}],methods=[],params=[],headers=[],consumes=[],produces=[text/html;charset=UTF-8],custom=[]}" onto public java.lang.String com.lb.ssm.controller.CustomerController.getCustomerInfo(java.lang.Integer) throws java.io.IOException
[ssm][INFO] [2016-10-18 15:26:54] org.springframework.web.servlet.handler.AbstractHandlerMethodMapping.registerHandlerMethod(220) | Mapped "{[/customer/customerpage],methods=[],params=[],headers=[],consumes=[],produces=[],custom=[]}" onto public java.util.List<com.lb.ssm.vo.Customer> com.lb.ssm.controller.CustomerController.customerpage(javax.servlet.http.HttpServletRequest,javax.servlet.http.HttpServletResponse) throws java.lang.Exception
[ssm][INFO] [2016-10-18 15:26:54] org.springframework.web.servlet.handler.AbstractHandlerMethodMapping.registerHandlerMethod(220) | Mapped "{[/customer/customerList],methods=[],params=[],headers=[],consumes=[],produces=[],custom=[]}" onto public java.lang.String com.lb.ssm.controller.CustomerController.customerList()
[ssm][INFO] [2016-10-18 15:26:54] org.springframework.web.servlet.handler.AbstractHandlerMethodMapping.registerHandlerMethod(220) | Mapped "{[/customer/addCustomer],methods=[],params=[],headers=[],consumes=[],produces=[],custom=[]}" onto public java.lang.String com.lb.ssm.controller.CustomerController.addCustomer(com.lb.ssm.vo.Customer)
[ssm][INFO] [2016-10-18 15:26:54] org.springframework.web.servlet.handler.AbstractHandlerMethodMapping.registerHandlerMethod(220) | Mapped "{[/customer/updateCustomer],methods=[],params=[],headers=[],consumes=[],produces=[],custom=[]}" onto public java.lang.String com.lb.ssm.controller.CustomerController.updateCustomer(com.lb.ssm.vo.Customer)
[ssm][INFO] [2016-10-18 15:26:54] org.springframework.web.servlet.handler.AbstractHandlerMethodMapping.registerHandlerMethod(220) | Mapped "{[/customer/customerRefush/{name}],methods=[],params=[],headers=[],consumes=[],produces=[],custom=[]}" onto public java.util.List<com.lb.ssm.vo.Customer> com.lb.ssm.controller.CustomerController.customerpageRefush(java.lang.String,javax.servlet.http.HttpServletRequest,javax.servlet.http.HttpServletResponse) throws java.lang.Exception
[ssm][INFO] [2016-10-18 15:26:54] org.springframework.web.servlet.handler.AbstractHandlerMethodMapping.registerHandlerMethod(220) | Mapped "{[/sub/subList],methods=[],params=[],headers=[],consumes=[],produces=[],custom=[]}" onto public java.lang.String com.lb.ssm.controller.SubdistrictController.subList()
[ssm][INFO] [2016-10-18 15:26:54] org.springframework.web.servlet.handler.AbstractHandlerMethodMapping.registerHandlerMethod(220) | Mapped "{[/sub/subdistRefush/{name}],methods=[],params=[],headers=[],consumes=[],produces=[],custom=[]}" onto public java.lang.String com.lb.ssm.controller.SubdistrictController.subdistRefush(java.lang.String,javax.servlet.http.HttpServletRequest,javax.servlet.http.HttpServletResponse) throws java.lang.Exception
[ssm][INFO] [2016-10-18 15:26:54] org.springframework.web.servlet.handler.AbstractHandlerMethodMapping.registerHandlerMethod(220) | Mapped "{[/sub/modifySubInfo/{subId}],methods=[],params=[],headers=[],consumes=[],produces=[text/html;charset=UTF-8],custom=[]}" onto public java.lang.String com.lb.ssm.controller.SubdistrictController.modifySubInfo(java.lang.Integer) throws java.io.IOException
[ssm][INFO] [2016-10-18 15:26:54] org.springframework.web.servlet.handler.AbstractHandlerMethodMapping.registerHandlerMethod(220) | Mapped "{[/sub/updateSubdist],methods=[],params=[],headers=[],consumes=[],produces=[],custom=[]}" onto public java.lang.String com.lb.ssm.controller.SubdistrictController.updateSubdist(com.lb.ssm.vo.Subdistrict)
[ssm][INFO] [2016-10-18 15:26:54] org.springframework.web.servlet.handler.AbstractHandlerMethodMapping.registerHandlerMethod(220) | Mapped "{[/sub/subpage],methods=[],params=[],headers=[],consumes=[],produces=[],custom=[]}" onto public java.lang.String com.lb.ssm.controller.SubdistrictController.subpage(javax.servlet.http.HttpServletRequest,javax.servlet.http.HttpServletResponse) throws java.io.UnsupportedEncodingException,java.io.IOException
[ssm][INFO] [2016-10-18 15:26:54] org.springframework.web.servlet.handler.AbstractHandlerMethodMapping.registerHandlerMethod(220) | Mapped "{[/sub/subInfoById/{subId}],methods=[],params=[],headers=[],consumes=[],produces=[text/html;charset=UTF-8],custom=[]}" onto public org.springframework.web.servlet.ModelAndView com.lb.ssm.controller.SubdistrictController.subInfoById(java.lang.Integer) throws java.io.IOException
[ssm][INFO] [2016-10-18 15:26:54] org.springframework.web.servlet.handler.AbstractHandlerMethodMapping.registerHandlerMethod(220) | Mapped "{[/sub/subInfo/{subId}],methods=[],params=[],headers=[],consumes=[],produces=[],custom=[]}" onto public org.springframework.web.servlet.ModelAndView com.lb.ssm.controller.SubdistrictController.subInfo(java.lang.Integer)
[ssm][INFO] [2016-10-18 15:26:54] org.springframework.web.servlet.handler.AbstractHandlerMethodMapping.registerHandlerMethod(220) | Mapped "{[/sub/addSubdist],methods=[POST || GET],params=[],headers=[],consumes=[],produces=[],custom=[]}" onto public java.lang.String com.lb.ssm.controller.SubdistrictController.addSubdist(com.lb.ssm.vo.Subdistrict,org.springframework.web.multipart.MultipartFile[],javax.servlet.http.HttpServletRequest) throws java.lang.Exception
[ssm][INFO] [2016-10-18 15:26:54] org.springframework.web.servlet.handler.AbstractHandlerMethodMapping.registerHandlerMethod(220) | Mapped "{[/sub/exprtSubdist],methods=[],params=[],headers=[],consumes=[],produces=[],custom=[]}" onto public java.lang.String com.lb.ssm.controller.SubdistrictController.exprtSubdist(javax.servlet.http.HttpServletResponse) throws java.io.IOException
[ssm][INFO] [2016-10-18 15:26:54] org.springframework.web.servlet.handler.AbstractHandlerMethodMapping.registerHandlerMethod(220) | Mapped "{[/user/userList],methods=[],params=[],headers=[],consumes=[],produces=[],custom=[]}" onto public org.springframework.web.servlet.ModelAndView com.lb.ssm.controller.UserController.userList()
[ssm][INFO] [2016-10-18 15:26:54] org.springframework.web.servlet.handler.AbstractHandlerMethodMapping.registerHandlerMethod(220) | Mapped "{[/user/addUser],methods=[POST],params=[],headers=[],consumes=[],produces=[],custom=[]}" onto public java.lang.String com.lb.ssm.controller.UserController.addUser(com.lb.ssm.vo.User)
[ssm][INFO] [2016-10-18 15:26:54] org.springframework.web.servlet.handler.AbstractHandlerMethodMapping.registerHandlerMethod(220) | Mapped "{[/user/login],methods=[POST || GET],params=[],headers=[],consumes=[],produces=[],custom=[]}" onto public java.lang.String com.lb.ssm.controller.UserController.login()
[ssm][INFO] [2016-10-18 15:26:54] org.springframework.web.servlet.handler.AbstractHandlerMethodMapping.registerHandlerMethod(220) | Mapped "{[/user/personalInfo/{id}],methods=[],params=[],headers=[],consumes=[],produces=[text/html;charset=UTF-8],custom=[]}" onto public java.lang.String com.lb.ssm.controller.UserController.personalInfo(java.lang.Integer,javax.servlet.http.HttpServletRequest) throws java.io.IOException
[ssm][INFO] [2016-10-18 15:26:54] org.springframework.web.servlet.handler.AbstractHandlerMethodMapping.registerHandlerMethod(220) | Mapped "{[/user/userReflush/{name}],methods=[],params=[],headers=[],consumes=[],produces=[text/html;charset=UTF-8],custom=[]}" onto public java.util.List<com.lb.ssm.vo.User> com.lb.ssm.controller.UserController.userReflush(java.lang.String,javax.servlet.http.HttpServletRequest,javax.servlet.http.HttpServletResponse) throws java.lang.Exception
[ssm][INFO] [2016-10-18 15:26:54] org.springframework.web.servlet.handler.AbstractHandlerMethodMapping.registerHandlerMethod(220) | Mapped "{[/user/userpage],methods=[],params=[],headers=[],consumes=[],produces=[],custom=[]}" onto public java.util.List<com.lb.ssm.vo.User> com.lb.ssm.controller.UserController.userLists(javax.servlet.http.HttpServletRequest,javax.servlet.http.HttpServletResponse) throws java.lang.Exception
[ssm][INFO] [2016-10-18 15:26:54] org.springframework.web.servlet.handler.AbstractHandlerMethodMapping.registerHandlerMethod(220) | Mapped "{[/user/logincheck],methods=[POST || GET],params=[],headers=[],consumes=[],produces=[],custom=[]}" onto public org.springframework.web.servlet.ModelAndView com.lb.ssm.controller.UserController.logincheck(com.lb.ssm.vo.User,javax.servlet.http.HttpServletRequest)
[ssm][INFO] [2016-10-18 15:26:54] org.springframework.web.servlet.handler.AbstractHandlerMethodMapping.registerHandlerMethod(220) | Mapped "{[/user/mm],methods=[],params=[],headers=[],consumes=[],produces=[],custom=[]}" onto public java.lang.String com.lb.ssm.controller.UserController.goMMM(javax.servlet.http.HttpServletRequest)
[ssm][INFO] [2016-10-18 15:26:54] org.springframework.web.servlet.handler.AbstractHandlerMethodMapping.registerHandlerMethod(220) | Mapped "{[/user/loginout],methods=[],params=[],headers=[],consumes=[],produces=[],custom=[]}" onto public java.lang.String com.lb.ssm.controller.UserController.loginout(javax.servlet.http.HttpServletRequest)
[ssm][INFO] [2016-10-18 15:26:54] org.springframework.web.servlet.handler.AbstractHandlerMethodMapping.registerHandlerMethod(220) | Mapped "{[/user/updateUser],methods=[],params=[],headers=[],consumes=[],produces=[],custom=[]}" onto public java.lang.String com.lb.ssm.controller.UserController.updateUser(com.lb.ssm.vo.User)
[ssm][INFO] [2016-10-18 15:26:54] org.springframework.web.servlet.handler.AbstractHandlerMethodMapping.registerHandlerMethod(220) | Mapped "{[/user/deleteUser/{userId}],methods=[],params=[],headers=[],consumes=[],produces=[],custom=[]}" onto public java.lang.String com.lb.ssm.controller.UserController.deleteUser(java.lang.Integer) throws java.io.IOException
[ssm][INFO] [2016-10-18 15:26:54] org.springframework.web.servlet.mvc.method.annotation.RequestMappingHandlerAdapter.initControllerAdviceCache(518) | Looking for @ControllerAdvice: WebApplicationContext for namespace 'springmvc-servlet': startup date [Tue Oct 18 15:26:53 CST 2016]; parent: Root WebApplicationContext
[ssm][INFO] [2016-10-18 15:26:54] org.springframework.web.servlet.mvc.method.annotation.RequestMappingHandlerAdapter.initControllerAdviceCache(518) | Looking for @ControllerAdvice: WebApplicationContext for namespace 'springmvc-servlet': startup date [Tue Oct 18 15:26:53 CST 2016]; parent: Root WebApplicationContext
[ssm][INFO] [2016-10-18 15:26:54] org.springframework.web.servlet.FrameworkServlet.initServletBean(503) | FrameworkServlet 'springmvc': initialization completed in 1155 ms
[ssm][WARN] [2016-10-18 15:26:55] org.springframework.web.servlet.DispatcherServlet.noHandlerFound(1120) | No mapping found for HTTP request with URI [/housecrm/favicon.ico] in DispatcherServlet with name 'springmvc'
[ssm][INFO] [2016-10-18 15:54:48] org.springframework.web.context.ContextLoader.initWebApplicationContext(285) | Root WebApplicationContext: initialization started
[ssm][INFO] [2016-10-18 15:54:48] org.springframework.context.support.AbstractApplicationContext.prepareRefresh(510) | Refreshing Root WebApplicationContext: startup date [Tue Oct 18 15:54:48 CST 2016]; root of context hierarchy
[ssm][INFO] [2016-10-18 15:54:48] org.springframework.beans.factory.xml.XmlBeanDefinitionReader.loadBeanDefinitions(317) | Loading XML bean definitions from file [E:\mycode\0519\housecrm\target\classes\spring\applicationContext-dao.xml]
[ssm][INFO] [2016-10-18 15:54:48] org.springframework.beans.factory.xml.XmlBeanDefinitionReader.loadBeanDefinitions(317) | Loading XML bean definitions from file [E:\mycode\0519\housecrm\target\classes\spring\applicationContext-jedis.xml]
[ssm][INFO] [2016-10-18 15:54:48] org.springframework.beans.factory.xml.XmlBeanDefinitionReader.loadBeanDefinitions(317) | Loading XML bean definitions from file [E:\mycode\0519\housecrm\target\classes\spring\applicationContext-service.xml]
[ssm][INFO] [2016-10-18 15:54:49] org.springframework.beans.factory.xml.XmlBeanDefinitionReader.loadBeanDefinitions(317) | Loading XML bean definitions from file [E:\mycode\0519\housecrm\target\classes\spring\applicationContext-transaction.xml]
[ssm][INFO] [2016-10-18 15:54:49] org.springframework.core.io.support.PropertiesLoaderSupport.loadProperties(172) | Loading properties file from class path resource [db.properties]
[ssm][INFO] [2016-10-18 15:54:49] org.springframework.core.io.support.PropertiesLoaderSupport.loadProperties(172) | Loading properties file from class path resource [resource.properties]
[ssm][INFO] [2016-10-18 15:54:49] org.springframework.beans.factory.annotation.AutowiredAnnotationBeanPostProcessor.<init>(153) | JSR-330 'javax.inject.Inject' annotation found and supported for autowiring
[ssm][INFO] [2016-10-18 15:54:49] com.alibaba.druid.pool.DruidDataSource.init(721) | {dataSource-1} inited
[ssm][INFO] [2016-10-18 15:54:50] org.springframework.web.context.ContextLoader.initWebApplicationContext(325) | Root WebApplicationContext: initialization completed in 1398 ms
[ssm][INFO] [2016-10-18 15:54:59] org.springframework.web.servlet.FrameworkServlet.initServletBean(484) | FrameworkServlet 'springmvc': initialization started
[ssm][INFO] [2016-10-18 15:54:59] org.springframework.context.support.AbstractApplicationContext.prepareRefresh(510) | Refreshing WebApplicationContext for namespace 'springmvc-servlet': startup date [Tue Oct 18 15:54:59 CST 2016]; parent: Root WebApplicationContext
[ssm][INFO] [2016-10-18 15:54:59] org.springframework.beans.factory.xml.XmlBeanDefinitionReader.loadBeanDefinitions(317) | Loading XML bean definitions from class path resource [spring/springmvc.xml]
[ssm][INFO] [2016-10-18 15:54:59] org.springframework.core.io.support.PropertiesLoaderSupport.loadProperties(172) | Loading properties file from class path resource [resource.properties]
[ssm][INFO] [2016-10-18 15:54:59] org.springframework.beans.factory.annotation.AutowiredAnnotationBeanPostProcessor.<init>(153) | JSR-330 'javax.inject.Inject' annotation found and supported for autowiring
[ssm][INFO] [2016-10-18 15:54:59] org.springframework.web.servlet.handler.AbstractUrlHandlerMapping.registerHandler(314) | Mapped URL path [/js/**] onto handler 'org.springframework.web.servlet.resource.ResourceHttpRequestHandler#0'
[ssm][INFO] [2016-10-18 15:54:59] org.springframework.web.servlet.handler.AbstractUrlHandlerMapping.registerHandler(314) | Mapped URL path [/data/**] onto handler 'org.springframework.web.servlet.resource.ResourceHttpRequestHandler#1'
[ssm][INFO] [2016-10-18 15:54:59] org.springframework.web.servlet.handler.AbstractUrlHandlerMapping.registerHandler(314) | Mapped URL path [/dist/**] onto handler 'org.springframework.web.servlet.resource.ResourceHttpRequestHandler#2'
[ssm][INFO] [2016-10-18 15:54:59] org.springframework.web.servlet.handler.AbstractUrlHandlerMapping.registerHandler(314) | Mapped URL path [/less/**] onto handler 'org.springframework.web.servlet.resource.ResourceHttpRequestHandler#3'
[ssm][INFO] [2016-10-18 15:54:59] org.springframework.web.servlet.handler.AbstractUrlHandlerMapping.registerHandler(314) | Mapped URL path [/vendor/**] onto handler 'org.springframework.web.servlet.resource.ResourceHttpRequestHandler#4'
[ssm][INFO] [2016-10-18 15:54:59] org.springframework.web.servlet.handler.AbstractHandlerMethodMapping.registerHandlerMethod(220) | Mapped "{[/cell/cellpage],methods=[],params=[],headers=[],consumes=[],produces=[],custom=[]}" onto public java.lang.String com.lb.ssm.controller.CellController.cellpage(javax.servlet.http.HttpServletRequest,javax.servlet.http.HttpServletResponse) throws java.lang.Exception,java.io.IOException
[ssm][INFO] [2016-10-18 15:54:59] org.springframework.web.servlet.handler.AbstractHandlerMethodMapping.registerHandlerMethod(220) | Mapped "{[/cell/cellList],methods=[],params=[],headers=[],consumes=[],produces=[],custom=[]}" onto public org.springframework.web.servlet.ModelAndView com.lb.ssm.controller.CellController.cellList()
[ssm][INFO] [2016-10-18 15:54:59] org.springframework.web.servlet.handler.AbstractHandlerMethodMapping.registerHandlerMethod(220) | Mapped "{[/customer/customerpage],methods=[],params=[],headers=[],consumes=[],produces=[],custom=[]}" onto public java.util.List<com.lb.ssm.vo.Customer> com.lb.ssm.controller.CustomerController.customerpage(javax.servlet.http.HttpServletRequest,javax.servlet.http.HttpServletResponse) throws java.lang.Exception
[ssm][INFO] [2016-10-18 15:54:59] org.springframework.web.servlet.handler.AbstractHandlerMethodMapping.registerHandlerMethod(220) | Mapped "{[/customer/customerList],methods=[],params=[],headers=[],consumes=[],produces=[],custom=[]}" onto public java.lang.String com.lb.ssm.controller.CustomerController.customerList()
[ssm][INFO] [2016-10-18 15:54:59] org.springframework.web.servlet.handler.AbstractHandlerMethodMapping.registerHandlerMethod(220) | Mapped "{[/customer/updateCustomer],methods=[],params=[],headers=[],consumes=[],produces=[],custom=[]}" onto public java.lang.String com.lb.ssm.controller.CustomerController.updateCustomer(com.lb.ssm.vo.Customer)
[ssm][INFO] [2016-10-18 15:54:59] org.springframework.web.servlet.handler.AbstractHandlerMethodMapping.registerHandlerMethod(220) | Mapped "{[/customer/customerRefush/{name}],methods=[],params=[],headers=[],consumes=[],produces=[],custom=[]}" onto public java.util.List<com.lb.ssm.vo.Customer> com.lb.ssm.controller.CustomerController.customerpageRefush(java.lang.String,javax.servlet.http.HttpServletRequest,javax.servlet.http.HttpServletResponse) throws java.lang.Exception
[ssm][INFO] [2016-10-18 15:54:59] org.springframework.web.servlet.handler.AbstractHandlerMethodMapping.registerHandlerMethod(220) | Mapped "{[/customer/addCustomer],methods=[],params=[],headers=[],consumes=[],produces=[],custom=[]}" onto public java.lang.String com.lb.ssm.controller.CustomerController.addCustomer(com.lb.ssm.vo.Customer)
[ssm][INFO] [2016-10-18 15:54:59] org.springframework.web.servlet.handler.AbstractHandlerMethodMapping.registerHandlerMethod(220) | Mapped "{[/customer/personalInfo/{id}],methods=[],params=[],headers=[],consumes=[],produces=[text/html;charset=UTF-8],custom=[]}" onto public java.lang.String com.lb.ssm.controller.CustomerController.getCustomerInfo(java.lang.Integer) throws java.io.IOException
[ssm][INFO] [2016-10-18 15:54:59] org.springframework.web.servlet.handler.AbstractHandlerMethodMapping.registerHandlerMethod(220) | Mapped "{[/sub/subList],methods=[],params=[],headers=[],consumes=[],produces=[],custom=[]}" onto public java.lang.String com.lb.ssm.controller.SubdistrictController.subList()
[ssm][INFO] [2016-10-18 15:54:59] org.springframework.web.servlet.handler.AbstractHandlerMethodMapping.registerHandlerMethod(220) | Mapped "{[/sub/subInfoById/{subId}],methods=[],params=[],headers=[],consumes=[],produces=[text/html;charset=UTF-8],custom=[]}" onto public org.springframework.web.servlet.ModelAndView com.lb.ssm.controller.SubdistrictController.subInfoById(java.lang.Integer) throws java.io.IOException
[ssm][INFO] [2016-10-18 15:54:59] org.springframework.web.servlet.handler.AbstractHandlerMethodMapping.registerHandlerMethod(220) | Mapped "{[/sub/subpage],methods=[],params=[],headers=[],consumes=[],produces=[],custom=[]}" onto public java.lang.String com.lb.ssm.controller.SubdistrictController.subpage(javax.servlet.http.HttpServletRequest,javax.servlet.http.HttpServletResponse) throws java.io.UnsupportedEncodingException,java.io.IOException
[ssm][INFO] [2016-10-18 15:54:59] org.springframework.web.servlet.handler.AbstractHandlerMethodMapping.registerHandlerMethod(220) | Mapped "{[/sub/subInfo/{subId}],methods=[],params=[],headers=[],consumes=[],produces=[],custom=[]}" onto public org.springframework.web.servlet.ModelAndView com.lb.ssm.controller.SubdistrictController.subInfo(java.lang.Integer)
[ssm][INFO] [2016-10-18 15:54:59] org.springframework.web.servlet.handler.AbstractHandlerMethodMapping.registerHandlerMethod(220) | Mapped "{[/sub/addSubdist],methods=[POST || GET],params=[],headers=[],consumes=[],produces=[],custom=[]}" onto public java.lang.String com.lb.ssm.controller.SubdistrictController.addSubdist(com.lb.ssm.vo.Subdistrict,org.springframework.web.multipart.MultipartFile[],javax.servlet.http.HttpServletRequest) throws java.lang.Exception
[ssm][INFO] [2016-10-18 15:54:59] org.springframework.web.servlet.handler.AbstractHandlerMethodMapping.registerHandlerMethod(220) | Mapped "{[/sub/exprtSubdist],methods=[],params=[],headers=[],consumes=[],produces=[],custom=[]}" onto public java.lang.String com.lb.ssm.controller.SubdistrictController.exprtSubdist(javax.servlet.http.HttpServletResponse) throws java.io.IOException
[ssm][INFO] [2016-10-18 15:54:59] org.springframework.web.servlet.handler.AbstractHandlerMethodMapping.registerHandlerMethod(220) | Mapped "{[/sub/modifySubInfo/{subId}],methods=[],params=[],headers=[],consumes=[],produces=[text/html;charset=UTF-8],custom=[]}" onto public java.lang.String com.lb.ssm.controller.SubdistrictController.modifySubInfo(java.lang.Integer) throws java.io.IOException
[ssm][INFO] [2016-10-18 15:54:59] org.springframework.web.servlet.handler.AbstractHandlerMethodMapping.registerHandlerMethod(220) | Mapped "{[/sub/updateSubdist],methods=[],params=[],headers=[],consumes=[],produces=[],custom=[]}" onto public java.lang.String com.lb.ssm.controller.SubdistrictController.updateSubdist(com.lb.ssm.vo.Subdistrict)
[ssm][INFO] [2016-10-18 15:54:59] org.springframework.web.servlet.handler.AbstractHandlerMethodMapping.registerHandlerMethod(220) | Mapped "{[/sub/subdistRefush/{name}],methods=[],params=[],headers=[],consumes=[],produces=[],custom=[]}" onto public java.lang.String com.lb.ssm.controller.SubdistrictController.subdistRefush(java.lang.String,javax.servlet.http.HttpServletRequest,javax.servlet.http.HttpServletResponse) throws java.lang.Exception
[ssm][INFO] [2016-10-18 15:54:59] org.springframework.web.servlet.handler.AbstractHandlerMethodMapping.registerHandlerMethod(220) | Mapped "{[/user/login],methods=[POST || GET],params=[],headers=[],consumes=[],produces=[],custom=[]}" onto public java.lang.String com.lb.ssm.controller.UserController.login()
[ssm][INFO] [2016-10-18 15:54:59] org.springframework.web.servlet.handler.AbstractHandlerMethodMapping.registerHandlerMethod(220) | Mapped "{[/user/logincheck],methods=[POST || GET],params=[],headers=[],consumes=[],produces=[],custom=[]}" onto public org.springframework.web.servlet.ModelAndView com.lb.ssm.controller.UserController.logincheck(com.lb.ssm.vo.User,javax.servlet.http.HttpServletRequest)
[ssm][INFO] [2016-10-18 15:54:59] org.springframework.web.servlet.handler.AbstractHandlerMethodMapping.registerHandlerMethod(220) | Mapped "{[/user/userList],methods=[],params=[],headers=[],consumes=[],produces=[],custom=[]}" onto public org.springframework.web.servlet.ModelAndView com.lb.ssm.controller.UserController.userList()
[ssm][INFO] [2016-10-18 15:54:59] org.springframework.web.servlet.handler.AbstractHandlerMethodMapping.registerHandlerMethod(220) | Mapped "{[/user/mm],methods=[],params=[],headers=[],consumes=[],produces=[],custom=[]}" onto public java.lang.String com.lb.ssm.controller.UserController.goMMM(javax.servlet.http.HttpServletRequest)
[ssm][INFO] [2016-10-18 15:54:59] org.springframework.web.servlet.handler.AbstractHandlerMethodMapping.registerHandlerMethod(220) | Mapped "{[/user/loginout],methods=[],params=[],headers=[],consumes=[],produces=[],custom=[]}" onto public java.lang.String com.lb.ssm.controller.UserController.loginout(javax.servlet.http.HttpServletRequest)
[ssm][INFO] [2016-10-18 15:54:59] org.springframework.web.servlet.handler.AbstractHandlerMethodMapping.registerHandlerMethod(220) | Mapped "{[/user/userpage],methods=[],params=[],headers=[],consumes=[],produces=[],custom=[]}" onto public java.util.List<com.lb.ssm.vo.User> com.lb.ssm.controller.UserController.userLists(javax.servlet.http.HttpServletRequest,javax.servlet.http.HttpServletResponse) throws java.lang.Exception
[ssm][INFO] [2016-10-18 15:54:59] org.springframework.web.servlet.handler.AbstractHandlerMethodMapping.registerHandlerMethod(220) | Mapped "{[/user/userReflush/{name}],methods=[],params=[],headers=[],consumes=[],produces=[text/html;charset=UTF-8],custom=[]}" onto public java.util.List<com.lb.ssm.vo.User> com.lb.ssm.controller.UserController.userReflush(java.lang.String,javax.servlet.http.HttpServletRequest,javax.servlet.http.HttpServletResponse) throws java.lang.Exception
[ssm][INFO] [2016-10-18 15:54:59] org.springframework.web.servlet.handler.AbstractHandlerMethodMapping.registerHandlerMethod(220) | Mapped "{[/user/personalInfo/{id}],methods=[],params=[],headers=[],consumes=[],produces=[text/html;charset=UTF-8],custom=[]}" onto public java.lang.String com.lb.ssm.controller.UserController.personalInfo(java.lang.Integer,javax.servlet.http.HttpServletRequest) throws java.io.IOException
[ssm][INFO] [2016-10-18 15:54:59] org.springframework.web.servlet.handler.AbstractHandlerMethodMapping.registerHandlerMethod(220) | Mapped "{[/user/addUser],methods=[POST],params=[],headers=[],consumes=[],produces=[],custom=[]}" onto public java.lang.String com.lb.ssm.controller.UserController.addUser(com.lb.ssm.vo.User)
[ssm][INFO] [2016-10-18 15:54:59] org.springframework.web.servlet.handler.AbstractHandlerMethodMapping.registerHandlerMethod(220) | Mapped "{[/user/deleteUser/{userId}],methods=[],params=[],headers=[],consumes=[],produces=[],custom=[]}" onto public java.lang.String com.lb.ssm.controller.UserController.deleteUser(java.lang.Integer) throws java.io.IOException
[ssm][INFO] [2016-10-18 15:54:59] org.springframework.web.servlet.handler.AbstractHandlerMethodMapping.registerHandlerMethod(220) | Mapped "{[/user/updateUser],methods=[],params=[],headers=[],consumes=[],produces=[],custom=[]}" onto public java.lang.String com.lb.ssm.controller.UserController.updateUser(com.lb.ssm.vo.User)
[ssm][INFO] [2016-10-18 15:54:59] org.springframework.web.servlet.mvc.method.annotation.RequestMappingHandlerAdapter.initControllerAdviceCache(518) | Looking for @ControllerAdvice: WebApplicationContext for namespace 'springmvc-servlet': startup date [Tue Oct 18 15:54:59 CST 2016]; parent: Root WebApplicationContext
[ssm][INFO] [2016-10-18 15:54:59] org.springframework.web.servlet.mvc.method.annotation.RequestMappingHandlerAdapter.initControllerAdviceCache(518) | Looking for @ControllerAdvice: WebApplicationContext for namespace 'springmvc-servlet': startup date [Tue Oct 18 15:54:59 CST 2016]; parent: Root WebApplicationContext
[ssm][INFO] [2016-10-18 15:54:59] org.springframework.web.servlet.FrameworkServlet.initServletBean(503) | FrameworkServlet 'springmvc': initialization completed in 784 ms
